[debug] [2020-10-27T07:05:58.206Z] ----------------------------------------------------------------------
[debug] [2020-10-27T07:05:58.207Z] Command:       /usr/local/bin/node /usr/local/bin/firebase emulators:start
[debug] [2020-10-27T07:05:58.208Z] CLI Version:   8.13.1
[debug] [2020-10-27T07:05:58.208Z] Platform:      darwin
[debug] [2020-10-27T07:05:58.208Z] Node Version:  v10.16.3
[debug] [2020-10-27T07:05:58.209Z] Time:          Tue Oct 27 2020 12:35:58 GMT+0530 (India Standard Time)
[debug] [2020-10-27T07:05:58.209Z] ----------------------------------------------------------------------
[debug] [2020-10-27T07:05:58.209Z] 
[debug] [2020-10-27T07:05:58.218Z] > command requires scopes: ["email","openid","https://www.googleapis.com/auth/cloudplatformprojects.readonly","https://www.googleapis.com/auth/firebase","https://www.googleapis.com/auth/cloud-platform"]
[debug] [2020-10-27T07:05:58.235Z] FirebaseError: Failed to authenticate, have you run firebase login?
[warn] ⚠  emulators: You are not currently authenticated so some features may not work correctly. Please run firebase login to authenticate the CLI. 
[info] i  emulators: Starting emulators: functions, hosting {"metadata":{"emulator":{"name":"hub"},"message":"Starting emulators: functions, hosting"}}
[debug] [2020-10-27T07:05:58.251Z] [hub] writing locator at /var/folders/pw/9kpn25s14zl1krdb4l3fdb1w0000gn/T/hub-challenge-4b2b2.json
[warn] ⚠  functions: The following emulators are not running, calls to these services from the Functions emulator will affect production: auth, firestore, database, pubsub {"metadata":{"emulator":{"name":"functions"},"message":"The following emulators are not running, calls to these services from the Functions emulator will affect production: \u001b[1mauth, firestore, database, pubsub\u001b[22m"}}
[info] ✔  functions: Using node@10 from host. {"metadata":{"emulator":{"name":"functions"},"message":"Using node@10 from host."}}
[debug] [2020-10-27T07:05:58.274Z] defaultcredentials: no credential available.
[warn] ⚠  functions: You are not signed in to the Firebase CLI. If you have authorized this machine using gcloud application-default credentials those may be discovered and used to access production services. {"metadata":{"emulator":{"name":"functions"},"message":"You are not signed in to the Firebase CLI. If you have authorized this machine using gcloud application-default credentials those may be discovered and used to access production services."}}
[debug] [2020-10-27T07:05:58.291Z] > refreshing access token with scopes: ["email","openid","https://www.googleapis.com/auth/cloudplatformprojects.readonly","https://www.googleapis.com/auth/firebase","https://www.googleapis.com/auth/cloud-platform"]
[debug] [2020-10-27T07:05:58.292Z] >>> HTTP REQUEST POST https://www.googleapis.com/oauth2/v3/token  
 <request body omitted>
[debug] [2020-10-27T07:05:58.455Z] <<< HTTP RESPONSE 400 {"cache-control":"no-cache, no-store, max-age=0, must-revalidate","date":"Tue, 27 Oct 2020 07:05:58 GMT","expires":"Mon, 01 Jan 1990 00:00:00 GMT","pragma":"no-cache","content-type":"application/json; charset=utf-8","vary":"X-Origin, Referer, Origin,Accept-Encoding","server":"scaffolding on HTTPServer2","x-xss-protection":"0","x-frame-options":"SAMEORIGIN","x-content-type-options":"nosniff","alt-svc":"h3-Q050=\":443\"; ma=2592000,h3-29=\":443\"; ma=2592000,h3-T051=\":443\"; ma=2592000,h3-T050=\":443\"; ma=2592000,h3-Q046=\":443\"; ma=2592000,h3-Q043=\":443\"; ma=2592000,quic=\":443\"; ma=2592000; v=\"46,43\"","accept-ranges":"none","transfer-encoding":"chunked"}
[debug] [2020-10-27T07:05:58.457Z] >>> HTTP REQUEST GET https://firebase.googleapis.com/v1beta1/projects/challenge-4b2b2/webApps/-/config  
 
[debug] [2020-10-27T07:05:58.603Z] <<< HTTP RESPONSE 401 {"www-authenticate":"Bearer realm=\"https://accounts.google.com/\", error=\"invalid_token\"","vary":"X-Origin, Referer, Origin,Accept-Encoding","content-type":"application/json; charset=UTF-8","date":"Tue, 27 Oct 2020 07:05:58 GMT","server":"ESF","cache-control":"private","x-xss-protection":"0","x-frame-options":"SAMEORIGIN","x-content-type-options":"nosniff","alt-svc":"h3-Q050=\":443\"; ma=2592000,h3-29=\":443\"; ma=2592000,h3-T051=\":443\"; ma=2592000,h3-T050=\":443\"; ma=2592000,h3-Q046=\":443\"; ma=2592000,h3-Q043=\":443\"; ma=2592000,quic=\":443\"; ma=2592000; v=\"46,43\"","accept-ranges":"none","transfer-encoding":"chunked"}
[debug] [2020-10-27T07:05:58.603Z] <<< HTTP RESPONSE BODY {"error":{"code":401,"message":"Request had invalid authentication credentials. Expected OAuth 2 access token, login cookie or other valid authentication credential. See https://developers.google.com/identity/sign-in/web/devconsole-project.","status":"UNAUTHENTICATED"}}
[debug] [2020-10-27T07:05:58.605Z] fetchWebSetup error: FirebaseError: HTTP Error: 401, Request had invalid authentication credentials. Expected OAuth 2 access token, login cookie or other valid authentication credential. See https://developers.google.com/identity/sign-in/web/devconsole-project.
[warn] ⚠  hosting: Could not fetch web app configuration and there is no cached configuration on this machine. Check your internet connection and make sure you are authenticated. To continue, you must call firebase.initializeApp({...}) in your code before using Firebase. 
[info] i  hosting: Serving hosting files from: build {"metadata":{"emulator":{"name":"hosting"},"message":"Serving hosting files from: \u001b[1mbuild\u001b[22m"}}
[info] ✔  hosting: Local server: http://localhost:5000 {"metadata":{"emulator":{"name":"hosting"},"message":"Local server: \u001b[4m\u001b[1mhttp://localhost:5000\u001b[22m\u001b[24m"}}
[debug] [2020-10-27T07:05:58.624Z] Ignoring unsupported arg: auto_download {"metadata":{"emulator":{"name":"ui"},"message":"Ignoring unsupported arg: auto_download"}}
[debug] [2020-10-27T07:05:58.624Z] Ignoring unsupported arg: port {"metadata":{"emulator":{"name":"ui"},"message":"Ignoring unsupported arg: port"}}
[debug] [2020-10-27T07:05:58.624Z] Starting Emulator UI with command {"binary":"node","args":["/Users/vprateek/.cache/firebase/emulators/ui-v1.1.1/server.bundle.js"],"optionalArgs":[],"joinArgs":false} {"metadata":{"emulator":{"name":"ui"},"message":"Starting Emulator UI with command {\"binary\":\"node\",\"args\":[\"/Users/vprateek/.cache/firebase/emulators/ui-v1.1.1/server.bundle.js\"],\"optionalArgs\":[],\"joinArgs\":false}"}}
[info] i  ui: Emulator UI logging to ui-debug.log {"metadata":{"emulator":{"name":"ui"},"message":"Emulator UI logging to \u001b[1mui-debug.log\u001b[22m"}}
[debug] [2020-10-27T07:05:58.786Z] Web / API server started at http://localhost:4000
 {"metadata":{"emulator":{"name":"ui"},"message":"Web / API server started at http://localhost:4000\n"}}
[info] i  functions: Watching "/Users/vprateek/Documents/eazyshop-main/functions" for Cloud Functions... {"metadata":{"emulator":{"name":"functions"},"message":"Watching \"/Users/vprateek/Documents/eazyshop-main/functions\" for Cloud Functions..."}}
[debug] [2020-10-27T07:05:58.901Z] [worker-pool] addWorker(~diagnostic~) {"metadata":{"emulator":{"name":"functions"},"message":"[worker-pool] addWorker(~diagnostic~)"}}
[debug] [2020-10-27T07:05:58.902Z] [worker-pool] Adding worker with key ~diagnostic~, total=1 {"metadata":{"emulator":{"name":"functions"},"message":"[worker-pool] Adding worker with key ~diagnostic~, total=1"}}
[debug] [2020-10-27T07:05:58.902Z] [worker-pool] submitWork(triggerId=) {"metadata":{"emulator":{"name":"functions"},"message":"[worker-pool] submitWork(triggerId=)"}}
[debug] [2020-10-27T07:05:58.902Z] [worker-~diagnostic~-e5c74609-5686-45b1-8d5e-24a4f65e220f]: Assigning socketPath: /var/folders/pw/9kpn25s14zl1krdb4l3fdb1w0000gn/T/fire_emu_85871.sock {"metadata":{"emulator":{"name":"functions"},"message":"[worker-~diagnostic~-e5c74609-5686-45b1-8d5e-24a4f65e220f]: Assigning socketPath: /var/folders/pw/9kpn25s14zl1krdb4l3fdb1w0000gn/T/fire_emu_85871.sock"}}
[debug] [2020-10-27T07:05:58.903Z] [worker-~diagnostic~-e5c74609-5686-45b1-8d5e-24a4f65e220f]: BUSY {"metadata":{"emulator":{"name":"functions"},"message":"[worker-~diagnostic~-e5c74609-5686-45b1-8d5e-24a4f65e220f]: BUSY"}}
[debug] [2020-10-27T07:05:59.211Z] [runtime-status] [85871] Functions runtime initialized. {"cwd":"/Users/vprateek/Documents/eazyshop-main/functions","node_version":"10.16.3"} {"metadata":{"emulator":{"name":"functions"},"message":"[runtime-status] [85871] Functions runtime initialized. {\"cwd\":\"/Users/vprateek/Documents/eazyshop-main/functions\",\"node_version\":\"10.16.3\"}"}}
[debug] [2020-10-27T07:05:59.213Z] [runtime-status] [85871] Disabled runtime features: undefined {"metadata":{"emulator":{"name":"functions"},"message":"[runtime-status] [85871] Disabled runtime features: undefined"}}
[debug] [2020-10-27T07:05:59.215Z] [runtime-status] [85871] Resolved module firebase-admin {"declared":true,"installed":true,"version":"8.13.0","resolution":"/Users/vprateek/Documents/eazyshop-main/functions/node_modules/firebase-admin/lib/index.js"} {"metadata":{"emulator":{"name":"functions"},"message":"[runtime-status] [85871] Resolved module firebase-admin {\"declared\":true,\"installed\":true,\"version\":\"8.13.0\",\"resolution\":\"/Users/vprateek/Documents/eazyshop-main/functions/node_modules/firebase-admin/lib/index.js\"}"}}
[debug] [2020-10-27T07:05:59.216Z] [runtime-status] [85871] Resolved module firebase-functions {"declared":true,"installed":true,"version":"3.11.0","resolution":"/Users/vprateek/Documents/eazyshop-main/functions/node_modules/firebase-functions/lib/index.js"} {"metadata":{"emulator":{"name":"functions"},"message":"[runtime-status] [85871] Resolved module firebase-functions {\"declared\":true,\"installed\":true,\"version\":\"3.11.0\",\"resolution\":\"/Users/vprateek/Documents/eazyshop-main/functions/node_modules/firebase-functions/lib/index.js\"}"}}
[debug] [2020-10-27T07:05:59.217Z] [runtime-status] [85871] Resolved module firebase-functions {"declared":true,"installed":true,"version":"3.11.0","resolution":"/Users/vprateek/Documents/eazyshop-main/functions/node_modules/firebase-functions/lib/index.js"} {"metadata":{"emulator":{"name":"functions"},"message":"[runtime-status] [85871] Resolved module firebase-functions {\"declared\":true,\"installed\":true,\"version\":\"3.11.0\",\"resolution\":\"/Users/vprateek/Documents/eazyshop-main/functions/node_modules/firebase-functions/lib/index.js\"}"}}
[debug] [2020-10-27T07:05:59.220Z] [runtime-status] [85871] Outgoing network have been stubbed. [{"name":"http","status":"mocked"},{"name":"http","status":"mocked"},{"name":"https","status":"mocked"},{"name":"https","status":"mocked"},{"name":"net","status":"mocked"}] {"metadata":{"emulator":{"name":"functions"},"message":"[runtime-status] [85871] Outgoing network have been stubbed. [{\"name\":\"http\",\"status\":\"mocked\"},{\"name\":\"http\",\"status\":\"mocked\"},{\"name\":\"https\",\"status\":\"mocked\"},{\"name\":\"https\",\"status\":\"mocked\"},{\"name\":\"net\",\"status\":\"mocked\"}]"}}
[debug] [2020-10-27T07:05:59.220Z] [runtime-status] [85871] Resolved module firebase-functions {"declared":true,"installed":true,"version":"3.11.0","resolution":"/Users/vprateek/Documents/eazyshop-main/functions/node_modules/firebase-functions/lib/index.js"} {"metadata":{"emulator":{"name":"functions"},"message":"[runtime-status] [85871] Resolved module firebase-functions {\"declared\":true,\"installed\":true,\"version\":\"3.11.0\",\"resolution\":\"/Users/vprateek/Documents/eazyshop-main/functions/node_modules/firebase-functions/lib/index.js\"}"}}
[debug] [2020-10-27T07:05:59.255Z] [runtime-status] [85871] Checked functions.config() {"config":{}} {"metadata":{"emulator":{"name":"functions"},"message":"[runtime-status] [85871] Checked functions.config() {\"config\":{}}"}}
[debug] [2020-10-27T07:05:59.255Z] [runtime-status] [85871] firebase-functions has been stubbed. {"functionsResolution":{"declared":true,"installed":true,"version":"3.11.0","resolution":"/Users/vprateek/Documents/eazyshop-main/functions/node_modules/firebase-functions/lib/index.js"}} {"metadata":{"emulator":{"name":"functions"},"message":"[runtime-status] [85871] firebase-functions has been stubbed. {\"functionsResolution\":{\"declared\":true,\"installed\":true,\"version\":\"3.11.0\",\"resolution\":\"/Users/vprateek/Documents/eazyshop-main/functions/node_modules/firebase-functions/lib/index.js\"}}"}}
[debug] [2020-10-27T07:05:59.256Z] [runtime-status] [85871] Resolved module firebase-functions {"declared":true,"installed":true,"version":"3.11.0","resolution":"/Users/vprateek/Documents/eazyshop-main/functions/node_modules/firebase-functions/lib/index.js"} {"metadata":{"emulator":{"name":"functions"},"message":"[runtime-status] [85871] Resolved module firebase-functions {\"declared\":true,\"installed\":true,\"version\":\"3.11.0\",\"resolution\":\"/Users/vprateek/Documents/eazyshop-main/functions/node_modules/firebase-functions/lib/index.js\"}"}}
[debug] [2020-10-27T07:05:59.256Z] [runtime-status] [85871] Resolved module firebase-admin {"declared":true,"installed":true,"version":"8.13.0","resolution":"/Users/vprateek/Documents/eazyshop-main/functions/node_modules/firebase-admin/lib/index.js"} {"metadata":{"emulator":{"name":"functions"},"message":"[runtime-status] [85871] Resolved module firebase-admin {\"declared\":true,\"installed\":true,\"version\":\"8.13.0\",\"resolution\":\"/Users/vprateek/Documents/eazyshop-main/functions/node_modules/firebase-admin/lib/index.js\"}"}}
[debug] [2020-10-27T07:05:59.257Z] [runtime-status] [85871] Resolved module firebase-functions {"declared":true,"installed":true,"version":"3.11.0","resolution":"/Users/vprateek/Documents/eazyshop-main/functions/node_modules/firebase-functions/lib/index.js"} {"metadata":{"emulator":{"name":"functions"},"message":"[runtime-status] [85871] Resolved module firebase-functions {\"declared\":true,\"installed\":true,\"version\":\"3.11.0\",\"resolution\":\"/Users/vprateek/Documents/eazyshop-main/functions/node_modules/firebase-functions/lib/index.js\"}"}}
[debug] [2020-10-27T07:05:59.257Z] [runtime-status] [85871] firebase-admin has been stubbed. {"adminResolution":{"declared":true,"installed":true,"version":"8.13.0","resolution":"/Users/vprateek/Documents/eazyshop-main/functions/node_modules/firebase-admin/lib/index.js"}} {"metadata":{"emulator":{"name":"functions"},"message":"[runtime-status] [85871] firebase-admin has been stubbed. {\"adminResolution\":{\"declared\":true,\"installed\":true,\"version\":\"8.13.0\",\"resolution\":\"/Users/vprateek/Documents/eazyshop-main/functions/node_modules/firebase-admin/lib/index.js\"}}"}}
[info] ✔  functions[api]: http function initialized (http://localhost:5001/challenge-4b2b2/us-central1/api). {"metadata":{"emulator":{"name":"functions"},"message":"\u001b[1mhttp\u001b[22m function initialized (http://localhost:5001/challenge-4b2b2/us-central1/api)."}}
[info] 
┌───────────────────────────────────────────────────────────────────────┐
│ ✔  All emulators ready! View status and logs at http://localhost:4000 │
└───────────────────────────────────────────────────────────────────────┘

┌───────────┬────────────────┬─────────────────────────────────┐
│ Emulator  │ Host:Port      │ View in Emulator UI             │
├───────────┼────────────────┼─────────────────────────────────┤
│ Functions │ localhost:5001 │ http://localhost:4000/functions │
├───────────┼────────────────┼─────────────────────────────────┤
│ Hosting   │ localhost:5000 │ n/a                             │
└───────────┴────────────────┴─────────────────────────────────┘
  Other reserved ports: 4400, 4500

Issues? Report them at https://github.com/firebase/firebase-tools/issues and attach the *-debug.log files.
 
[debug] [2020-10-27T07:05:59.348Z] [worker-~diagnostic~-e5c74609-5686-45b1-8d5e-24a4f65e220f]: IDLE {"metadata":{"emulator":{"name":"functions"},"message":"[worker-~diagnostic~-e5c74609-5686-45b1-8d5e-24a4f65e220f]: IDLE"}}
[debug] [2020-10-27T07:20:44.612Z] [work-queue] {"queueLength":1,"workRunningCount":0}
[debug] [2020-10-27T07:20:44.613Z] [work-queue] {"queueLength":0,"workRunningCount":1}
[debug] [2020-10-27T07:20:44.613Z] Accepted request POST /challenge-4b2b2/us-central1/api/payments/create?total=1196 --> api
[debug] [2020-10-27T07:20:44.619Z] [worker-pool] addWorker(api) {"metadata":{"emulator":{"name":"functions"},"message":"[worker-pool] addWorker(api)"}}
[debug] [2020-10-27T07:20:44.620Z] [worker-pool] Adding worker with key api, total=1 {"metadata":{"emulator":{"name":"functions"},"message":"[worker-pool] Adding worker with key api, total=1"}}
[debug] [2020-10-27T07:20:44.621Z] [worker-pool] submitWork(triggerId=api) {"metadata":{"emulator":{"name":"functions"},"message":"[worker-pool] submitWork(triggerId=api)"}}
[debug] [2020-10-27T07:20:44.621Z] [worker-api-212faa31-2870-4520-b46c-670fac95936d]: Assigning socketPath: /var/folders/pw/9kpn25s14zl1krdb4l3fdb1w0000gn/T/fire_emu_86242.sock {"metadata":{"emulator":{"name":"functions"},"message":"[worker-api-212faa31-2870-4520-b46c-670fac95936d]: Assigning socketPath: /var/folders/pw/9kpn25s14zl1krdb4l3fdb1w0000gn/T/fire_emu_86242.sock"}}
[debug] [2020-10-27T07:20:44.622Z] [worker-api-212faa31-2870-4520-b46c-670fac95936d]: BUSY {"metadata":{"emulator":{"name":"functions"},"message":"[worker-api-212faa31-2870-4520-b46c-670fac95936d]: BUSY"}}
[debug] [2020-10-27T07:20:45.520Z] [runtime-status] [86242] Functions runtime initialized. {"cwd":"/Users/vprateek/Documents/eazyshop-main/functions","node_version":"10.16.3"} {"metadata":{"emulator":{"name":"functions"},"function":{"name":"api"},"message":"[runtime-status] [86242] Functions runtime initialized. {\"cwd\":\"/Users/vprateek/Documents/eazyshop-main/functions\",\"node_version\":\"10.16.3\"}"}}
[debug] [2020-10-27T07:20:45.523Z] [runtime-status] [86242] Disabled runtime features: undefined {"metadata":{"emulator":{"name":"functions"},"function":{"name":"api"},"message":"[runtime-status] [86242] Disabled runtime features: undefined"}}
[debug] [2020-10-27T07:20:45.530Z] [runtime-status] [86242] Resolved module firebase-admin {"declared":true,"installed":true,"version":"8.13.0","resolution":"/Users/vprateek/Documents/eazyshop-main/functions/node_modules/firebase-admin/lib/index.js"} {"metadata":{"emulator":{"name":"functions"},"function":{"name":"api"},"message":"[runtime-status] [86242] Resolved module firebase-admin {\"declared\":true,\"installed\":true,\"version\":\"8.13.0\",\"resolution\":\"/Users/vprateek/Documents/eazyshop-main/functions/node_modules/firebase-admin/lib/index.js\"}"}}
[debug] [2020-10-27T07:20:45.534Z] [runtime-status] [86242] Resolved module firebase-functions {"declared":true,"installed":true,"version":"3.11.0","resolution":"/Users/vprateek/Documents/eazyshop-main/functions/node_modules/firebase-functions/lib/index.js"} {"metadata":{"emulator":{"name":"functions"},"function":{"name":"api"},"message":"[runtime-status] [86242] Resolved module firebase-functions {\"declared\":true,\"installed\":true,\"version\":\"3.11.0\",\"resolution\":\"/Users/vprateek/Documents/eazyshop-main/functions/node_modules/firebase-functions/lib/index.js\"}"}}
[debug] [2020-10-27T07:20:45.534Z] [runtime-status] [86242] Resolved module firebase-functions {"declared":true,"installed":true,"version":"3.11.0","resolution":"/Users/vprateek/Documents/eazyshop-main/functions/node_modules/firebase-functions/lib/index.js"} {"metadata":{"emulator":{"name":"functions"},"function":{"name":"api"},"message":"[runtime-status] [86242] Resolved module firebase-functions {\"declared\":true,\"installed\":true,\"version\":\"3.11.0\",\"resolution\":\"/Users/vprateek/Documents/eazyshop-main/functions/node_modules/firebase-functions/lib/index.js\"}"}}
[debug] [2020-10-27T07:20:45.539Z] [runtime-status] [86242] Outgoing network have been stubbed. [{"name":"http","status":"mocked"},{"name":"http","status":"mocked"},{"name":"https","status":"mocked"},{"name":"https","status":"mocked"},{"name":"net","status":"mocked"}] {"metadata":{"emulator":{"name":"functions"},"function":{"name":"api"},"message":"[runtime-status] [86242] Outgoing network have been stubbed. [{\"name\":\"http\",\"status\":\"mocked\"},{\"name\":\"http\",\"status\":\"mocked\"},{\"name\":\"https\",\"status\":\"mocked\"},{\"name\":\"https\",\"status\":\"mocked\"},{\"name\":\"net\",\"status\":\"mocked\"}]"}}
[debug] [2020-10-27T07:20:45.540Z] [runtime-status] [86242] Resolved module firebase-functions {"declared":true,"installed":true,"version":"3.11.0","resolution":"/Users/vprateek/Documents/eazyshop-main/functions/node_modules/firebase-functions/lib/index.js"} {"metadata":{"emulator":{"name":"functions"},"function":{"name":"api"},"message":"[runtime-status] [86242] Resolved module firebase-functions {\"declared\":true,\"installed\":true,\"version\":\"3.11.0\",\"resolution\":\"/Users/vprateek/Documents/eazyshop-main/functions/node_modules/firebase-functions/lib/index.js\"}"}}
[debug] [2020-10-27T07:20:45.615Z] [runtime-status] [86242] Checked functions.config() {"config":{}} {"metadata":{"emulator":{"name":"functions"},"function":{"name":"api"},"message":"[runtime-status] [86242] Checked functions.config() {\"config\":{}}"}}
[debug] [2020-10-27T07:20:45.616Z] [runtime-status] [86242] firebase-functions has been stubbed. {"functionsResolution":{"declared":true,"installed":true,"version":"3.11.0","resolution":"/Users/vprateek/Documents/eazyshop-main/functions/node_modules/firebase-functions/lib/index.js"}} {"metadata":{"emulator":{"name":"functions"},"function":{"name":"api"},"message":"[runtime-status] [86242] firebase-functions has been stubbed. {\"functionsResolution\":{\"declared\":true,\"installed\":true,\"version\":\"3.11.0\",\"resolution\":\"/Users/vprateek/Documents/eazyshop-main/functions/node_modules/firebase-functions/lib/index.js\"}}"}}
[debug] [2020-10-27T07:20:45.616Z] [runtime-status] [86242] Resolved module firebase-functions {"declared":true,"installed":true,"version":"3.11.0","resolution":"/Users/vprateek/Documents/eazyshop-main/functions/node_modules/firebase-functions/lib/index.js"} {"metadata":{"emulator":{"name":"functions"},"function":{"name":"api"},"message":"[runtime-status] [86242] Resolved module firebase-functions {\"declared\":true,\"installed\":true,\"version\":\"3.11.0\",\"resolution\":\"/Users/vprateek/Documents/eazyshop-main/functions/node_modules/firebase-functions/lib/index.js\"}"}}
[debug] [2020-10-27T07:20:45.617Z] [runtime-status] [86242] Resolved module firebase-admin {"declared":true,"installed":true,"version":"8.13.0","resolution":"/Users/vprateek/Documents/eazyshop-main/functions/node_modules/firebase-admin/lib/index.js"} {"metadata":{"emulator":{"name":"functions"},"function":{"name":"api"},"message":"[runtime-status] [86242] Resolved module firebase-admin {\"declared\":true,\"installed\":true,\"version\":\"8.13.0\",\"resolution\":\"/Users/vprateek/Documents/eazyshop-main/functions/node_modules/firebase-admin/lib/index.js\"}"}}
[debug] [2020-10-27T07:20:45.618Z] [runtime-status] [86242] Resolved module firebase-functions {"declared":true,"installed":true,"version":"3.11.0","resolution":"/Users/vprateek/Documents/eazyshop-main/functions/node_modules/firebase-functions/lib/index.js"} {"metadata":{"emulator":{"name":"functions"},"function":{"name":"api"},"message":"[runtime-status] [86242] Resolved module firebase-functions {\"declared\":true,\"installed\":true,\"version\":\"3.11.0\",\"resolution\":\"/Users/vprateek/Documents/eazyshop-main/functions/node_modules/firebase-functions/lib/index.js\"}"}}
[debug] [2020-10-27T07:20:45.618Z] [runtime-status] [86242] firebase-admin has been stubbed. {"adminResolution":{"declared":true,"installed":true,"version":"8.13.0","resolution":"/Users/vprateek/Documents/eazyshop-main/functions/node_modules/firebase-admin/lib/index.js"}} {"metadata":{"emulator":{"name":"functions"},"function":{"name":"api"},"message":"[runtime-status] [86242] firebase-admin has been stubbed. {\"adminResolution\":{\"declared\":true,\"installed\":true,\"version\":\"8.13.0\",\"resolution\":\"/Users/vprateek/Documents/eazyshop-main/functions/node_modules/firebase-admin/lib/index.js\"}}"}}
[debug] [2020-10-27T07:20:45.888Z] [runtime-status] [86242] Trigger "api" has been found, beginning invocation! {"metadata":{"emulator":{"name":"functions"},"function":{"name":"api"},"message":"[runtime-status] [86242] Trigger \"api\" has been found, beginning invocation!"}}
[info] i  functions: Beginning execution of "api" {"metadata":{"emulator":{"name":"functions"},"function":{"name":"api"},"message":"Beginning execution of \"api\""}}
[debug] [2020-10-27T07:20:45.889Z] [runtime-status] [86242] triggerDefinition {"httpsTrigger":{},"name":"api","entryPoint":"api"} {"metadata":{"emulator":{"name":"functions"},"function":{"name":"api"},"message":"[runtime-status] [86242] triggerDefinition {\"httpsTrigger\":{},\"name\":\"api\",\"entryPoint\":\"api\"}"}}
[debug] [2020-10-27T07:20:45.889Z] [runtime-status] [86242] Running api in mode HTTPS {"metadata":{"emulator":{"name":"functions"},"function":{"name":"api"},"message":"[runtime-status] [86242] Running api in mode HTTPS"}}
[debug] [2020-10-27T07:20:45.892Z] [runtime-status] [86242] Attempting to listen to socketPath: /var/folders/pw/9kpn25s14zl1krdb4l3fdb1w0000gn/T/fire_emu_86242.sock {"metadata":{"emulator":{"name":"functions"},"function":{"name":"api"},"message":"[runtime-status] [86242] Attempting to listen to socketPath: /var/folders/pw/9kpn25s14zl1krdb4l3fdb1w0000gn/T/fire_emu_86242.sock"}}
[debug] [2020-10-27T07:20:45.895Z] [functions] Runtime ready! Sending request! {"metadata":{"emulator":{"name":"functions"},"message":"[functions] Runtime ready! Sending request!"}}
[debug] [2020-10-27T07:20:45.903Z] [runtime-status] [86242] Ephemeral server handling POST request {"metadata":{"emulator":{"name":"functions"},"function":{"name":"api"},"message":"[runtime-status] [86242] Ephemeral server handling POST request"}}
[info] >  Payment Request Recieved BOOM!!! for this amount >>>  1196 {"user":"Payment Request Recieved BOOM!!! for this amount >>>  1196","metadata":{"emulator":{"name":"functions"},"function":{"name":"api"},"message":"\u001b[90m> \u001b[39m Payment Request Recieved BOOM!!! for this amount >>>  1196"}}
[debug] [2020-10-27T07:20:45.914Z] [runtime-status] [86242] Ephemeral server survived. {"metadata":{"emulator":{"name":"functions"},"function":{"name":"api"},"message":"[runtime-status] [86242] Ephemeral server survived."}}
[info] i  functions: Finished "api" in ~1s {"metadata":{"emulator":{"name":"functions"},"function":{"name":"api"},"message":"Finished \"api\" in ~1s"}}
[debug] [2020-10-27T07:20:46.621Z] [worker-api-212faa31-2870-4520-b46c-670fac95936d]: IDLE {"metadata":{"emulator":{"name":"functions"},"message":"[worker-api-212faa31-2870-4520-b46c-670fac95936d]: IDLE"}}
[debug] [2020-10-27T07:20:46.621Z] [work-queue] {"queueLength":0,"workRunningCount":0}
[debug] [2020-10-27T07:20:59.730Z] [work-queue] {"queueLength":1,"workRunningCount":0}
[debug] [2020-10-27T07:20:59.731Z] [work-queue] {"queueLength":0,"workRunningCount":1}
[debug] [2020-10-27T07:20:59.731Z] Accepted request POST /challenge-4b2b2/us-central1/api/payments/create?total=0 --> api
[debug] [2020-10-27T07:20:59.731Z] [worker-pool] submitWork(triggerId=api) {"metadata":{"emulator":{"name":"functions"},"message":"[worker-pool] submitWork(triggerId=api)"}}
[debug] [2020-10-27T07:20:59.732Z] [worker-api-212faa31-2870-4520-b46c-670fac95936d]: Assigning socketPath: /var/folders/pw/9kpn25s14zl1krdb4l3fdb1w0000gn/T/fire_emu_86242.sock {"metadata":{"emulator":{"name":"functions"},"message":"[worker-api-212faa31-2870-4520-b46c-670fac95936d]: Assigning socketPath: /var/folders/pw/9kpn25s14zl1krdb4l3fdb1w0000gn/T/fire_emu_86242.sock"}}
[debug] [2020-10-27T07:20:59.732Z] [worker-api-212faa31-2870-4520-b46c-670fac95936d]: BUSY {"metadata":{"emulator":{"name":"functions"},"message":"[worker-api-212faa31-2870-4520-b46c-670fac95936d]: BUSY"}}
[debug] [2020-10-27T07:20:59.733Z] [runtime-status] [86242] Trigger "api" has been found, beginning invocation! {"metadata":{"emulator":{"name":"functions"},"function":{"name":"api"},"message":"[runtime-status] [86242] Trigger \"api\" has been found, beginning invocation!"}}
[info] i  functions: Beginning execution of "api" {"metadata":{"emulator":{"name":"functions"},"function":{"name":"api"},"message":"Beginning execution of \"api\""}}
[debug] [2020-10-27T07:20:59.733Z] [runtime-status] [86242] triggerDefinition {"httpsTrigger":{},"name":"api","entryPoint":"api"} {"metadata":{"emulator":{"name":"functions"},"function":{"name":"api"},"message":"[runtime-status] [86242] triggerDefinition {\"httpsTrigger\":{},\"name\":\"api\",\"entryPoint\":\"api\"}"}}
[debug] [2020-10-27T07:20:59.733Z] [runtime-status] [86242] Running api in mode HTTPS {"metadata":{"emulator":{"name":"functions"},"function":{"name":"api"},"message":"[runtime-status] [86242] Running api in mode HTTPS"}}
[debug] [2020-10-27T07:20:59.734Z] [runtime-status] [86242] Attempting to listen to socketPath: /var/folders/pw/9kpn25s14zl1krdb4l3fdb1w0000gn/T/fire_emu_86242.sock {"metadata":{"emulator":{"name":"functions"},"function":{"name":"api"},"message":"[runtime-status] [86242] Attempting to listen to socketPath: /var/folders/pw/9kpn25s14zl1krdb4l3fdb1w0000gn/T/fire_emu_86242.sock"}}
[debug] [2020-10-27T07:20:59.735Z] [functions] Runtime ready! Sending request! {"metadata":{"emulator":{"name":"functions"},"message":"[functions] Runtime ready! Sending request!"}}
[debug] [2020-10-27T07:20:59.736Z] [runtime-status] [86242] Ephemeral server handling POST request {"metadata":{"emulator":{"name":"functions"},"function":{"name":"api"},"message":"[runtime-status] [86242] Ephemeral server handling POST request"}}
[info] >  Payment Request Recieved BOOM!!! for this amount >>>  0 {"user":"Payment Request Recieved BOOM!!! for this amount >>>  0","metadata":{"emulator":{"name":"functions"},"function":{"name":"api"},"message":"\u001b[90m> \u001b[39m Payment Request Recieved BOOM!!! for this amount >>>  0"}}
[debug] [2020-10-27T07:20:59.738Z] [runtime-status] [86242] Ephemeral server survived. {"metadata":{"emulator":{"name":"functions"},"function":{"name":"api"},"message":"[runtime-status] [86242] Ephemeral server survived."}}
[info] >  (node:86242) UnhandledPromiseRejectionWarning: Error: This value must be greater than or equal to 1. {"user":"(node:86242) UnhandledPromiseRejectionWarning: Error: This value must be greater than or equal to 1.","metadata":{"emulator":{"name":"functions"},"function":{"name":"api"},"message":"\u001b[90m> \u001b[39m (node:86242) UnhandledPromiseRejectionWarning: Error: This value must be greater than or equal to 1."}}
[info] >      at Function.generate (/Users/vprateek/Documents/eazyshop-main/functions/node_modules/stripe/lib/Error.js:39:16) {"user":"    at Function.generate (/Users/vprateek/Documents/eazyshop-main/functions/node_modules/stripe/lib/Error.js:39:16)","metadata":{"emulator":{"name":"functions"},"function":{"name":"api"},"message":"\u001b[90m> \u001b[39m     at Function.generate (/Users/vprateek/Documents/eazyshop-main/functions/node_modules/stripe/lib/Error.js:39:16)"}}
[info] >      at IncomingMessage.res.once (/Users/vprateek/Documents/eazyshop-main/functions/node_modules/stripe/lib/StripeResource.js:190:33) {"user":"    at IncomingMessage.res.once (/Users/vprateek/Documents/eazyshop-main/functions/node_modules/stripe/lib/StripeResource.js:190:33)","metadata":{"emulator":{"name":"functions"},"function":{"name":"api"},"message":"\u001b[90m> \u001b[39m     at IncomingMessage.res.once (/Users/vprateek/Documents/eazyshop-main/functions/node_modules/stripe/lib/StripeResource.js:190:33)"}}
[info] >      at Object.onceWrapper (events.js:286:20) {"user":"    at Object.onceWrapper (events.js:286:20)","metadata":{"emulator":{"name":"functions"},"function":{"name":"api"},"message":"\u001b[90m> \u001b[39m     at Object.onceWrapper (events.js:286:20)"}}
[info] >      at IncomingMessage.emit (events.js:203:15) {"user":"    at IncomingMessage.emit (events.js:203:15)","metadata":{"emulator":{"name":"functions"},"function":{"name":"api"},"message":"\u001b[90m> \u001b[39m     at IncomingMessage.emit (events.js:203:15)"}}
[info] >      at endReadableNT (_stream_readable.js:1145:12) {"user":"    at endReadableNT (_stream_readable.js:1145:12)","metadata":{"emulator":{"name":"functions"},"function":{"name":"api"},"message":"\u001b[90m> \u001b[39m     at endReadableNT (_stream_readable.js:1145:12)"}}
[info] >      at process._tickCallback (internal/process/next_tick.js:63:19) {"user":"    at process._tickCallback (internal/process/next_tick.js:63:19)","metadata":{"emulator":{"name":"functions"},"function":{"name":"api"},"message":"\u001b[90m> \u001b[39m     at process._tickCallback (internal/process/next_tick.js:63:19)"}}
[info] >  (node:86242) UnhandledPromiseRejectionWarning: Unhandled promise rejection. This error originated either by throwing inside of an async function without a catch block, or by rejecting a promise which was not handled with .catch(). (rejection id: 1) {"user":"(node:86242) UnhandledPromiseRejectionWarning: Unhandled promise rejection. This error originated either by throwing inside of an async function without a catch block, or by rejecting a promise which was not handled with .catch(). (rejection id: 1)","metadata":{"emulator":{"name":"functions"},"function":{"name":"api"},"message":"\u001b[90m> \u001b[39m (node:86242) UnhandledPromiseRejectionWarning: Unhandled promise rejection. This error originated either by throwing inside of an async function without a catch block, or by rejecting a promise which was not handled with .catch(). (rejection id: 1)"}}
[info] >  (node:86242) [DEP0018] DeprecationWarning: Unhandled promise rejections are deprecated. In the future, promise rejections that are not handled will terminate the Node.js process with a non-zero exit code. {"user":"(node:86242) [DEP0018] DeprecationWarning: Unhandled promise rejections are deprecated. In the future, promise rejections that are not handled will terminate the Node.js process with a non-zero exit code.","metadata":{"emulator":{"name":"functions"},"function":{"name":"api"},"message":"\u001b[90m> \u001b[39m (node:86242) [DEP0018] DeprecationWarning: Unhandled promise rejections are deprecated. In the future, promise rejections that are not handled will terminate the Node.js process with a non-zero exit code."}}
[warn] ⚠  functions: Your function timed out after ~60s. To configure this timeout, see
      https://firebase.google.com/docs/functions/manage-functions#set_timeout_and_memory_allocation. {"metadata":{"emulator":{"name":"functions"},"function":{"name":"api"},"message":"Your function timed out after ~60s. To configure this timeout, see\n      https://firebase.google.com/docs/functions/manage-functions#set_timeout_and_memory_allocation."}}
[info] >  /usr/local/lib/node_modules/firebase-tools/lib/emulator/functionsEmulatorRuntime.js:642 {"user":"/usr/local/lib/node_modules/firebase-tools/lib/emulator/functionsEmulatorRuntime.js:642","metadata":{"emulator":{"name":"functions"},"function":{"name":"api"},"message":"\u001b[90m> \u001b[39m /usr/local/lib/node_modules/firebase-tools/lib/emulator/functionsEmulatorRuntime.js:642"}}
[info] >                  throw new Error("Function timed out."); {"user":"                throw new Error(\"Function timed out.\");","metadata":{"emulator":{"name":"functions"},"function":{"name":"api"},"message":"\u001b[90m> \u001b[39m                 throw new Error(\"Function timed out.\");"}}
[info] >                  ^ {"user":"                ^","metadata":{"emulator":{"name":"functions"},"function":{"name":"api"},"message":"\u001b[90m> \u001b[39m                 ^"}}
[info] >   {"user":"","metadata":{"emulator":{"name":"functions"},"function":{"name":"api"},"message":"\u001b[90m> \u001b[39m "}}
[info] >  Error: Function timed out. {"user":"Error: Function timed out.","metadata":{"emulator":{"name":"functions"},"function":{"name":"api"},"message":"\u001b[90m> \u001b[39m Error: Function timed out."}}
[info] >      at Timeout.setTimeout [as _onTimeout] (/usr/local/lib/node_modules/firebase-tools/lib/emulator/functionsEmulatorRuntime.js:642:23) {"user":"    at Timeout.setTimeout [as _onTimeout] (/usr/local/lib/node_modules/firebase-tools/lib/emulator/functionsEmulatorRuntime.js:642:23)","metadata":{"emulator":{"name":"functions"},"function":{"name":"api"},"message":"\u001b[90m> \u001b[39m     at Timeout.setTimeout [as _onTimeout] (/usr/local/lib/node_modules/firebase-tools/lib/emulator/functionsEmulatorRuntime.js:642:23)"}}
[info] >      at ontimeout (timers.js:436:11) {"user":"    at ontimeout (timers.js:436:11)","metadata":{"emulator":{"name":"functions"},"function":{"name":"api"},"message":"\u001b[90m> \u001b[39m     at ontimeout (timers.js:436:11)"}}
[info] >      at tryOnTimeout (timers.js:300:5) {"user":"    at tryOnTimeout (timers.js:300:5)","metadata":{"emulator":{"name":"functions"},"function":{"name":"api"},"message":"\u001b[90m> \u001b[39m     at tryOnTimeout (timers.js:300:5)"}}
[info] >      at listOnTimeout (timers.js:263:5) {"user":"    at listOnTimeout (timers.js:263:5)","metadata":{"emulator":{"name":"functions"},"function":{"name":"api"},"message":"\u001b[90m> \u001b[39m     at listOnTimeout (timers.js:263:5)"}}
[info] >      at Timer.processTimers (timers.js:223:10) {"user":"    at Timer.processTimers (timers.js:223:10)","metadata":{"emulator":{"name":"functions"},"function":{"name":"api"},"message":"\u001b[90m> \u001b[39m     at Timer.processTimers (timers.js:223:10)"}}
[debug] [2020-10-27T07:21:59.749Z] [worker-api-212faa31-2870-4520-b46c-670fac95936d]: exited {"metadata":{"emulator":{"name":"functions"},"message":"[worker-api-212faa31-2870-4520-b46c-670fac95936d]: exited"}}
[debug] [2020-10-27T07:21:59.749Z] [worker-api-212faa31-2870-4520-b46c-670fac95936d]: FINISHED {"metadata":{"emulator":{"name":"functions"},"message":"[worker-api-212faa31-2870-4520-b46c-670fac95936d]: FINISHED"}}
[debug] [2020-10-27T07:21:59.749Z] [work-queue] {"queueLength":0,"workRunningCount":0}
[debug] [2020-10-27T07:22:21.309Z] [work-queue] {"queueLength":1,"workRunningCount":0}
[debug] [2020-10-27T07:22:21.309Z] [work-queue] {"queueLength":0,"workRunningCount":1}
[debug] [2020-10-27T07:22:21.310Z] Accepted request POST /challenge-4b2b2/us-central1/api/payments/create?total=1196 --> api
[debug] [2020-10-27T07:22:21.310Z] [worker-pool] Cleaned up workers for api: 1 --> 0 {"metadata":{"emulator":{"name":"functions"},"message":"[worker-pool] Cleaned up workers for api: 1 --> 0"}}
[debug] [2020-10-27T07:22:21.315Z] [worker-pool] addWorker(api) {"metadata":{"emulator":{"name":"functions"},"message":"[worker-pool] addWorker(api)"}}
[debug] [2020-10-27T07:22:21.316Z] [worker-pool] Adding worker with key api, total=1 {"metadata":{"emulator":{"name":"functions"},"message":"[worker-pool] Adding worker with key api, total=1"}}
[debug] [2020-10-27T07:22:21.316Z] [worker-pool] submitWork(triggerId=api) {"metadata":{"emulator":{"name":"functions"},"message":"[worker-pool] submitWork(triggerId=api)"}}
[debug] [2020-10-27T07:22:21.316Z] [worker-api-c5f2347e-e0fe-43fe-b9e2-4bd71d11ce0a]: Assigning socketPath: /var/folders/pw/9kpn25s14zl1krdb4l3fdb1w0000gn/T/fire_emu_86256.sock {"metadata":{"emulator":{"name":"functions"},"message":"[worker-api-c5f2347e-e0fe-43fe-b9e2-4bd71d11ce0a]: Assigning socketPath: /var/folders/pw/9kpn25s14zl1krdb4l3fdb1w0000gn/T/fire_emu_86256.sock"}}
[debug] [2020-10-27T07:22:21.316Z] [worker-api-c5f2347e-e0fe-43fe-b9e2-4bd71d11ce0a]: BUSY {"metadata":{"emulator":{"name":"functions"},"message":"[worker-api-c5f2347e-e0fe-43fe-b9e2-4bd71d11ce0a]: BUSY"}}
[debug] [2020-10-27T07:22:21.849Z] [runtime-status] [86256] Functions runtime initialized. {"cwd":"/Users/vprateek/Documents/eazyshop-main/functions","node_version":"10.16.3"} {"metadata":{"emulator":{"name":"functions"},"function":{"name":"api"},"message":"[runtime-status] [86256] Functions runtime initialized. {\"cwd\":\"/Users/vprateek/Documents/eazyshop-main/functions\",\"node_version\":\"10.16.3\"}"}}
[debug] [2020-10-27T07:22:21.852Z] [runtime-status] [86256] Disabled runtime features: undefined {"metadata":{"emulator":{"name":"functions"},"function":{"name":"api"},"message":"[runtime-status] [86256] Disabled runtime features: undefined"}}
[debug] [2020-10-27T07:22:21.854Z] [runtime-status] [86256] Resolved module firebase-admin {"declared":true,"installed":true,"version":"8.13.0","resolution":"/Users/vprateek/Documents/eazyshop-main/functions/node_modules/firebase-admin/lib/index.js"} {"metadata":{"emulator":{"name":"functions"},"function":{"name":"api"},"message":"[runtime-status] [86256] Resolved module firebase-admin {\"declared\":true,\"installed\":true,\"version\":\"8.13.0\",\"resolution\":\"/Users/vprateek/Documents/eazyshop-main/functions/node_modules/firebase-admin/lib/index.js\"}"}}
[debug] [2020-10-27T07:22:21.855Z] [runtime-status] [86256] Resolved module firebase-functions {"declared":true,"installed":true,"version":"3.11.0","resolution":"/Users/vprateek/Documents/eazyshop-main/functions/node_modules/firebase-functions/lib/index.js"} {"metadata":{"emulator":{"name":"functions"},"function":{"name":"api"},"message":"[runtime-status] [86256] Resolved module firebase-functions {\"declared\":true,\"installed\":true,\"version\":\"3.11.0\",\"resolution\":\"/Users/vprateek/Documents/eazyshop-main/functions/node_modules/firebase-functions/lib/index.js\"}"}}
[debug] [2020-10-27T07:22:21.857Z] [runtime-status] [86256] Resolved module firebase-functions {"declared":true,"installed":true,"version":"3.11.0","resolution":"/Users/vprateek/Documents/eazyshop-main/functions/node_modules/firebase-functions/lib/index.js"} {"metadata":{"emulator":{"name":"functions"},"function":{"name":"api"},"message":"[runtime-status] [86256] Resolved module firebase-functions {\"declared\":true,\"installed\":true,\"version\":\"3.11.0\",\"resolution\":\"/Users/vprateek/Documents/eazyshop-main/functions/node_modules/firebase-functions/lib/index.js\"}"}}
[debug] [2020-10-27T07:22:21.863Z] [runtime-status] [86256] Outgoing network have been stubbed. [{"name":"http","status":"mocked"},{"name":"http","status":"mocked"},{"name":"https","status":"mocked"},{"name":"https","status":"mocked"},{"name":"net","status":"mocked"}] {"metadata":{"emulator":{"name":"functions"},"function":{"name":"api"},"message":"[runtime-status] [86256] Outgoing network have been stubbed. [{\"name\":\"http\",\"status\":\"mocked\"},{\"name\":\"http\",\"status\":\"mocked\"},{\"name\":\"https\",\"status\":\"mocked\"},{\"name\":\"https\",\"status\":\"mocked\"},{\"name\":\"net\",\"status\":\"mocked\"}]"}}
[debug] [2020-10-27T07:22:21.863Z] [runtime-status] [86256] Resolved module firebase-functions {"declared":true,"installed":true,"version":"3.11.0","resolution":"/Users/vprateek/Documents/eazyshop-main/functions/node_modules/firebase-functions/lib/index.js"} {"metadata":{"emulator":{"name":"functions"},"function":{"name":"api"},"message":"[runtime-status] [86256] Resolved module firebase-functions {\"declared\":true,\"installed\":true,\"version\":\"3.11.0\",\"resolution\":\"/Users/vprateek/Documents/eazyshop-main/functions/node_modules/firebase-functions/lib/index.js\"}"}}
[debug] [2020-10-27T07:22:21.961Z] [runtime-status] [86256] Checked functions.config() {"config":{}} {"metadata":{"emulator":{"name":"functions"},"function":{"name":"api"},"message":"[runtime-status] [86256] Checked functions.config() {\"config\":{}}"}}
[debug] [2020-10-27T07:22:21.962Z] [runtime-status] [86256] firebase-functions has been stubbed. {"functionsResolution":{"declared":true,"installed":true,"version":"3.11.0","resolution":"/Users/vprateek/Documents/eazyshop-main/functions/node_modules/firebase-functions/lib/index.js"}} {"metadata":{"emulator":{"name":"functions"},"function":{"name":"api"},"message":"[runtime-status] [86256] firebase-functions has been stubbed. {\"functionsResolution\":{\"declared\":true,\"installed\":true,\"version\":\"3.11.0\",\"resolution\":\"/Users/vprateek/Documents/eazyshop-main/functions/node_modules/firebase-functions/lib/index.js\"}}"}}
[debug] [2020-10-27T07:22:21.962Z] [runtime-status] [86256] Resolved module firebase-functions {"declared":true,"installed":true,"version":"3.11.0","resolution":"/Users/vprateek/Documents/eazyshop-main/functions/node_modules/firebase-functions/lib/index.js"} {"metadata":{"emulator":{"name":"functions"},"function":{"name":"api"},"message":"[runtime-status] [86256] Resolved module firebase-functions {\"declared\":true,\"installed\":true,\"version\":\"3.11.0\",\"resolution\":\"/Users/vprateek/Documents/eazyshop-main/functions/node_modules/firebase-functions/lib/index.js\"}"}}
[debug] [2020-10-27T07:22:21.963Z] [runtime-status] [86256] Resolved module firebase-admin {"declared":true,"installed":true,"version":"8.13.0","resolution":"/Users/vprateek/Documents/eazyshop-main/functions/node_modules/firebase-admin/lib/index.js"} {"metadata":{"emulator":{"name":"functions"},"function":{"name":"api"},"message":"[runtime-status] [86256] Resolved module firebase-admin {\"declared\":true,\"installed\":true,\"version\":\"8.13.0\",\"resolution\":\"/Users/vprateek/Documents/eazyshop-main/functions/node_modules/firebase-admin/lib/index.js\"}"}}
[debug] [2020-10-27T07:22:21.963Z] [runtime-status] [86256] Resolved module firebase-functions {"declared":true,"installed":true,"version":"3.11.0","resolution":"/Users/vprateek/Documents/eazyshop-main/functions/node_modules/firebase-functions/lib/index.js"} {"metadata":{"emulator":{"name":"functions"},"function":{"name":"api"},"message":"[runtime-status] [86256] Resolved module firebase-functions {\"declared\":true,\"installed\":true,\"version\":\"3.11.0\",\"resolution\":\"/Users/vprateek/Documents/eazyshop-main/functions/node_modules/firebase-functions/lib/index.js\"}"}}
[debug] [2020-10-27T07:22:21.963Z] [runtime-status] [86256] firebase-admin has been stubbed. {"adminResolution":{"declared":true,"installed":true,"version":"8.13.0","resolution":"/Users/vprateek/Documents/eazyshop-main/functions/node_modules/firebase-admin/lib/index.js"}} {"metadata":{"emulator":{"name":"functions"},"function":{"name":"api"},"message":"[runtime-status] [86256] firebase-admin has been stubbed. {\"adminResolution\":{\"declared\":true,\"installed\":true,\"version\":\"8.13.0\",\"resolution\":\"/Users/vprateek/Documents/eazyshop-main/functions/node_modules/firebase-admin/lib/index.js\"}}"}}
[debug] [2020-10-27T07:22:22.053Z] [runtime-status] [86256] Trigger "api" has been found, beginning invocation! {"metadata":{"emulator":{"name":"functions"},"function":{"name":"api"},"message":"[runtime-status] [86256] Trigger \"api\" has been found, beginning invocation!"}}
[info] i  functions: Beginning execution of "api" {"metadata":{"emulator":{"name":"functions"},"function":{"name":"api"},"message":"Beginning execution of \"api\""}}
[debug] [2020-10-27T07:22:22.054Z] [runtime-status] [86256] triggerDefinition {"httpsTrigger":{},"name":"api","entryPoint":"api"} {"metadata":{"emulator":{"name":"functions"},"function":{"name":"api"},"message":"[runtime-status] [86256] triggerDefinition {\"httpsTrigger\":{},\"name\":\"api\",\"entryPoint\":\"api\"}"}}
[debug] [2020-10-27T07:22:22.054Z] [runtime-status] [86256] Running api in mode HTTPS {"metadata":{"emulator":{"name":"functions"},"function":{"name":"api"},"message":"[runtime-status] [86256] Running api in mode HTTPS"}}
[debug] [2020-10-27T07:22:22.060Z] [runtime-status] [86256] Attempting to listen to socketPath: /var/folders/pw/9kpn25s14zl1krdb4l3fdb1w0000gn/T/fire_emu_86256.sock {"metadata":{"emulator":{"name":"functions"},"function":{"name":"api"},"message":"[runtime-status] [86256] Attempting to listen to socketPath: /var/folders/pw/9kpn25s14zl1krdb4l3fdb1w0000gn/T/fire_emu_86256.sock"}}
[debug] [2020-10-27T07:22:22.062Z] [functions] Runtime ready! Sending request! {"metadata":{"emulator":{"name":"functions"},"message":"[functions] Runtime ready! Sending request!"}}
[debug] [2020-10-27T07:22:22.068Z] [runtime-status] [86256] Ephemeral server handling POST request {"metadata":{"emulator":{"name":"functions"},"function":{"name":"api"},"message":"[runtime-status] [86256] Ephemeral server handling POST request"}}
[info] >  Payment Request Recieved BOOM!!! for this amount >>>  1196 {"user":"Payment Request Recieved BOOM!!! for this amount >>>  1196","metadata":{"emulator":{"name":"functions"},"function":{"name":"api"},"message":"\u001b[90m> \u001b[39m Payment Request Recieved BOOM!!! for this amount >>>  1196"}}
[debug] [2020-10-27T07:22:22.082Z] [runtime-status] [86256] Ephemeral server survived. {"metadata":{"emulator":{"name":"functions"},"function":{"name":"api"},"message":"[runtime-status] [86256] Ephemeral server survived."}}
[info] i  functions: Finished "api" in ~1s {"metadata":{"emulator":{"name":"functions"},"function":{"name":"api"},"message":"Finished \"api\" in ~1s"}}
[debug] [2020-10-27T07:22:22.731Z] [worker-api-c5f2347e-e0fe-43fe-b9e2-4bd71d11ce0a]: IDLE {"metadata":{"emulator":{"name":"functions"},"message":"[worker-api-c5f2347e-e0fe-43fe-b9e2-4bd71d11ce0a]: IDLE"}}
[debug] [2020-10-27T07:22:22.731Z] [work-queue] {"queueLength":0,"workRunningCount":0}
[debug] [2020-10-27T08:43:37.010Z] [work-queue] {"queueLength":1,"workRunningCount":0}
[debug] [2020-10-27T08:43:37.011Z] [work-queue] {"queueLength":0,"workRunningCount":1}
[debug] [2020-10-27T08:43:37.011Z] Accepted request POST /challenge-4b2b2/us-central1/api/payments/create?total=45000 --> api
[debug] [2020-10-27T08:43:37.011Z] [worker-pool] submitWork(triggerId=api) {"metadata":{"emulator":{"name":"functions"},"message":"[worker-pool] submitWork(triggerId=api)"}}
[debug] [2020-10-27T08:43:37.011Z] [worker-api-c5f2347e-e0fe-43fe-b9e2-4bd71d11ce0a]: Assigning socketPath: /var/folders/pw/9kpn25s14zl1krdb4l3fdb1w0000gn/T/fire_emu_86256.sock {"metadata":{"emulator":{"name":"functions"},"message":"[worker-api-c5f2347e-e0fe-43fe-b9e2-4bd71d11ce0a]: Assigning socketPath: /var/folders/pw/9kpn25s14zl1krdb4l3fdb1w0000gn/T/fire_emu_86256.sock"}}
[debug] [2020-10-27T08:43:37.011Z] [worker-api-c5f2347e-e0fe-43fe-b9e2-4bd71d11ce0a]: BUSY {"metadata":{"emulator":{"name":"functions"},"message":"[worker-api-c5f2347e-e0fe-43fe-b9e2-4bd71d11ce0a]: BUSY"}}
[debug] [2020-10-27T08:43:37.017Z] [runtime-status] [86256] Trigger "api" has been found, beginning invocation! {"metadata":{"emulator":{"name":"functions"},"function":{"name":"api"},"message":"[runtime-status] [86256] Trigger \"api\" has been found, beginning invocation!"}}
[info] i  functions: Beginning execution of "api" {"metadata":{"emulator":{"name":"functions"},"function":{"name":"api"},"message":"Beginning execution of \"api\""}}
[debug] [2020-10-27T08:43:37.019Z] [runtime-status] [86256] triggerDefinition {"httpsTrigger":{},"name":"api","entryPoint":"api"} {"metadata":{"emulator":{"name":"functions"},"function":{"name":"api"},"message":"[runtime-status] [86256] triggerDefinition {\"httpsTrigger\":{},\"name\":\"api\",\"entryPoint\":\"api\"}"}}
[debug] [2020-10-27T08:43:37.019Z] [runtime-status] [86256] Running api in mode HTTPS {"metadata":{"emulator":{"name":"functions"},"function":{"name":"api"},"message":"[runtime-status] [86256] Running api in mode HTTPS"}}
[debug] [2020-10-27T08:43:37.020Z] [runtime-status] [86256] Attempting to listen to socketPath: /var/folders/pw/9kpn25s14zl1krdb4l3fdb1w0000gn/T/fire_emu_86256.sock {"metadata":{"emulator":{"name":"functions"},"function":{"name":"api"},"message":"[runtime-status] [86256] Attempting to listen to socketPath: /var/folders/pw/9kpn25s14zl1krdb4l3fdb1w0000gn/T/fire_emu_86256.sock"}}
[debug] [2020-10-27T08:43:37.021Z] [functions] Runtime ready! Sending request! {"metadata":{"emulator":{"name":"functions"},"message":"[functions] Runtime ready! Sending request!"}}
[debug] [2020-10-27T08:43:37.022Z] [runtime-status] [86256] Ephemeral server handling POST request {"metadata":{"emulator":{"name":"functions"},"function":{"name":"api"},"message":"[runtime-status] [86256] Ephemeral server handling POST request"}}
[info] >  Payment Request Recieved BOOM!!! for this amount >>>  45000 {"user":"Payment Request Recieved BOOM!!! for this amount >>>  45000","metadata":{"emulator":{"name":"functions"},"function":{"name":"api"},"message":"\u001b[90m> \u001b[39m Payment Request Recieved BOOM!!! for this amount >>>  45000"}}
[debug] [2020-10-27T08:43:37.027Z] [runtime-status] [86256] Ephemeral server survived. {"metadata":{"emulator":{"name":"functions"},"function":{"name":"api"},"message":"[runtime-status] [86256] Ephemeral server survived."}}
[warn] ⚠  functions: Your function timed out after ~60s. To configure this timeout, see
      https://firebase.google.com/docs/functions/manage-functions#set_timeout_and_memory_allocation. {"metadata":{"emulator":{"name":"functions"},"function":{"name":"api"},"message":"Your function timed out after ~60s. To configure this timeout, see\n      https://firebase.google.com/docs/functions/manage-functions#set_timeout_and_memory_allocation."}}
[info] >  /usr/local/lib/node_modules/firebase-tools/lib/emulator/functionsEmulatorRuntime.js:642 {"user":"/usr/local/lib/node_modules/firebase-tools/lib/emulator/functionsEmulatorRuntime.js:642","metadata":{"emulator":{"name":"functions"},"function":{"name":"api"},"message":"\u001b[90m> \u001b[39m /usr/local/lib/node_modules/firebase-tools/lib/emulator/functionsEmulatorRuntime.js:642"}}
[info] >                  throw new Error("Function timed out."); {"user":"                throw new Error(\"Function timed out.\");","metadata":{"emulator":{"name":"functions"},"function":{"name":"api"},"message":"\u001b[90m> \u001b[39m                 throw new Error(\"Function timed out.\");"}}
[info] >                  ^ {"user":"                ^","metadata":{"emulator":{"name":"functions"},"function":{"name":"api"},"message":"\u001b[90m> \u001b[39m                 ^"}}
[info] >   {"user":"","metadata":{"emulator":{"name":"functions"},"function":{"name":"api"},"message":"\u001b[90m> \u001b[39m "}}
[info] >  Error: Function timed out. {"user":"Error: Function timed out.","metadata":{"emulator":{"name":"functions"},"function":{"name":"api"},"message":"\u001b[90m> \u001b[39m Error: Function timed out."}}
[info] >      at Timeout.setTimeout [as _onTimeout] (/usr/local/lib/node_modules/firebase-tools/lib/emulator/functionsEmulatorRuntime.js:642:23) {"user":"    at Timeout.setTimeout [as _onTimeout] (/usr/local/lib/node_modules/firebase-tools/lib/emulator/functionsEmulatorRuntime.js:642:23)","metadata":{"emulator":{"name":"functions"},"function":{"name":"api"},"message":"\u001b[90m> \u001b[39m     at Timeout.setTimeout [as _onTimeout] (/usr/local/lib/node_modules/firebase-tools/lib/emulator/functionsEmulatorRuntime.js:642:23)"}}
[info] >      at ontimeout (timers.js:436:11) {"user":"    at ontimeout (timers.js:436:11)","metadata":{"emulator":{"name":"functions"},"function":{"name":"api"},"message":"\u001b[90m> \u001b[39m     at ontimeout (timers.js:436:11)"}}
[info] >      at tryOnTimeout (timers.js:300:5) {"user":"    at tryOnTimeout (timers.js:300:5)","metadata":{"emulator":{"name":"functions"},"function":{"name":"api"},"message":"\u001b[90m> \u001b[39m     at tryOnTimeout (timers.js:300:5)"}}
[info] >      at listOnTimeout (timers.js:263:5) {"user":"    at listOnTimeout (timers.js:263:5)","metadata":{"emulator":{"name":"functions"},"function":{"name":"api"},"message":"\u001b[90m> \u001b[39m     at listOnTimeout (timers.js:263:5)"}}
[info] >      at Timer.processTimers (timers.js:223:10) {"user":"    at Timer.processTimers (timers.js:223:10)","metadata":{"emulator":{"name":"functions"},"function":{"name":"api"},"message":"\u001b[90m> \u001b[39m     at Timer.processTimers (timers.js:223:10)"}}
[debug] [2020-10-27T08:44:37.033Z] [worker-api-c5f2347e-e0fe-43fe-b9e2-4bd71d11ce0a]: exited {"metadata":{"emulator":{"name":"functions"},"message":"[worker-api-c5f2347e-e0fe-43fe-b9e2-4bd71d11ce0a]: exited"}}
[debug] [2020-10-27T08:44:37.034Z] [worker-api-c5f2347e-e0fe-43fe-b9e2-4bd71d11ce0a]: FINISHED {"metadata":{"emulator":{"name":"functions"},"message":"[worker-api-c5f2347e-e0fe-43fe-b9e2-4bd71d11ce0a]: FINISHED"}}
[debug] [2020-10-27T08:44:37.034Z] [work-queue] {"queueLength":0,"workRunningCount":0}
